{"/Users/jeremybanka/learn/galactic-age-calc/src/js/Lifeform.js": {"path":"/Users/jeremybanka/learn/galactic-age-calc/src/js/Lifeform.js","statementMap":{"0":{"start":{"line":6,"column":4},"end":{"line":6,"column":18}},"1":{"start":{"line":7,"column":4},"end":{"line":7,"column":33}},"2":{"start":{"line":8,"column":4},"end":{"line":8,"column":39}},"3":{"start":{"line":12,"column":21},"end":{"line":12,"column":59}},"4":{"start":{"line":13,"column":4},"end":{"line":13,"column":54}},"5":{"start":{"line":17,"column":30},"end":{"line":17,"column":63}},"6":{"start":{"line":18,"column":39},"end":{"line":18,"column":70}},"7":{"start":{"line":19,"column":4},"end":{"line":19,"column":41}},"8":{"start":{"line":20,"column":4},"end":{"line":20,"column":40}},"9":{"start":{"line":21,"column":4},"end":{"line":21,"column":30}},"10":{"start":{"line":25,"column":30},"end":{"line":25,"column":57}},"11":{"start":{"line":26,"column":4},"end":{"line":26,"column":23}},"12":{"start":{"line":27,"column":4},"end":{"line":27,"column":22}},"13":{"start":{"line":28,"column":4},"end":{"line":28,"column":30}},"14":{"start":{"line":32,"column":26},"end":{"line":32,"column":30}},"15":{"start":{"line":33,"column":27},"end":{"line":33,"column":46}},"16":{"start":{"line":34,"column":26},"end":{"line":34,"column":78}},"17":{"start":{"line":35,"column":30},"end":{"line":35,"column":57}},"18":{"start":{"line":36,"column":4},"end":{"line":36,"column":28}},"19":{"start":{"line":37,"column":4},"end":{"line":37,"column":27}},"20":{"start":{"line":38,"column":4},"end":{"line":38,"column":30}},"21":{"start":{"line":42,"column":19},"end":{"line":42,"column":38}},"22":{"start":{"line":43,"column":24},"end":{"line":43,"column":53}},"23":{"start":{"line":44,"column":4},"end":{"line":44,"column":61}},"24":{"start":{"line":49,"column":19},"end":{"line":49,"column":38}},"25":{"start":{"line":50,"column":28},"end":{"line":50,"column":61}},"26":{"start":{"line":51,"column":29},"end":{"line":51,"column":64}},"27":{"start":{"line":52,"column":28},"end":{"line":52,"column":62}},"28":{"start":{"line":53,"column":21},"end":{"line":53,"column":62}},"29":{"start":{"line":54,"column":21},"end":{"line":54,"column":61}},"30":{"start":{"line":55,"column":4},"end":{"line":57,"column":5}},"31":{"start":{"line":56,"column":6},"end":{"line":56,"column":206}},"32":{"start":{"line":58,"column":4},"end":{"line":62,"column":5}},"33":{"start":{"line":59,"column":23},"end":{"line":59,"column":63}},"34":{"start":{"line":60,"column":23},"end":{"line":60,"column":56}},"35":{"start":{"line":61,"column":6},"end":{"line":61,"column":277}},"36":{"start":{"line":63,"column":24},"end":{"line":63,"column":64}},"37":{"start":{"line":64,"column":24},"end":{"line":64,"column":63}},"38":{"start":{"line":65,"column":24},"end":{"line":67,"column":5}},"39":{"start":{"line":68,"column":21},"end":{"line":68,"column":57}},"40":{"start":{"line":69,"column":21},"end":{"line":69,"column":57}},"41":{"start":{"line":70,"column":4},"end":{"line":70,"column":306}}},"fnMap":{"0":{"name":"(anonymous_0)","decl":{"start":{"line":5,"column":2},"end":{"line":5,"column":3}},"loc":{"start":{"line":5,"column":39},"end":{"line":9,"column":3}},"line":5},"1":{"name":"(anonymous_1)","decl":{"start":{"line":11,"column":2},"end":{"line":11,"column":3}},"loc":{"start":{"line":11,"column":27},"end":{"line":14,"column":3}},"line":11},"2":{"name":"(anonymous_2)","decl":{"start":{"line":16,"column":2},"end":{"line":16,"column":3}},"loc":{"start":{"line":16,"column":25},"end":{"line":22,"column":3}},"line":16},"3":{"name":"(anonymous_3)","decl":{"start":{"line":24,"column":2},"end":{"line":24,"column":3}},"loc":{"start":{"line":24,"column":25},"end":{"line":29,"column":3}},"line":24},"4":{"name":"(anonymous_4)","decl":{"start":{"line":31,"column":2},"end":{"line":31,"column":3}},"loc":{"start":{"line":31,"column":31},"end":{"line":39,"column":3}},"line":31},"5":{"name":"(anonymous_5)","decl":{"start":{"line":41,"column":2},"end":{"line":41,"column":3}},"loc":{"start":{"line":41,"column":25},"end":{"line":45,"column":3}},"line":41},"6":{"name":"(anonymous_6)","decl":{"start":{"line":48,"column":2},"end":{"line":48,"column":3}},"loc":{"start":{"line":48,"column":35},"end":{"line":71,"column":3}},"line":48}},"branchMap":{"0":{"loc":{"start":{"line":53,"column":21},"end":{"line":53,"column":62}},"type":"cond-expr","locations":[{"start":{"line":53,"column":46},"end":{"line":53,"column":52}},{"start":{"line":53,"column":55},"end":{"line":53,"column":62}}],"line":53},"1":{"loc":{"start":{"line":54,"column":21},"end":{"line":54,"column":61}},"type":"cond-expr","locations":[{"start":{"line":54,"column":45},"end":{"line":54,"column":51}},{"start":{"line":54,"column":54},"end":{"line":54,"column":61}}],"line":54},"2":{"loc":{"start":{"line":55,"column":4},"end":{"line":57,"column":5}},"type":"if","locations":[{"start":{"line":55,"column":4},"end":{"line":57,"column":5}},{"start":{"line":55,"column":4},"end":{"line":57,"column":5}}],"line":55},"3":{"loc":{"start":{"line":55,"column":8},"end":{"line":55,"column":51}},"type":"binary-expr","locations":[{"start":{"line":55,"column":8},"end":{"line":55,"column":28}},{"start":{"line":55,"column":32},"end":{"line":55,"column":51}}],"line":55},"4":{"loc":{"start":{"line":58,"column":4},"end":{"line":62,"column":5}},"type":"if","locations":[{"start":{"line":58,"column":4},"end":{"line":62,"column":5}},{"start":{"line":58,"column":4},"end":{"line":62,"column":5}}],"line":58},"5":{"loc":{"start":{"line":58,"column":8},"end":{"line":58,"column":51}},"type":"binary-expr","locations":[{"start":{"line":58,"column":8},"end":{"line":58,"column":28}},{"start":{"line":58,"column":32},"end":{"line":58,"column":51}}],"line":58},"6":{"loc":{"start":{"line":60,"column":23},"end":{"line":60,"column":56}},"type":"cond-expr","locations":[{"start":{"line":60,"column":40},"end":{"line":60,"column":46}},{"start":{"line":60,"column":49},"end":{"line":60,"column":56}}],"line":60},"7":{"loc":{"start":{"line":68,"column":21},"end":{"line":68,"column":57}},"type":"cond-expr","locations":[{"start":{"line":68,"column":41},"end":{"line":68,"column":47}},{"start":{"line":68,"column":50},"end":{"line":68,"column":57}}],"line":68},"8":{"loc":{"start":{"line":69,"column":21},"end":{"line":69,"column":57}},"type":"cond-expr","locations":[{"start":{"line":69,"column":41},"end":{"line":69,"column":47}},{"start":{"line":69,"column":50},"end":{"line":69,"column":57}}],"line":69}},"s":{"0":16,"1":16,"2":16,"3":3,"4":3,"5":12,"6":12,"7":12,"8":12,"9":12,"10":9,"11":9,"12":9,"13":9,"14":8,"15":8,"16":8,"17":8,"18":8,"19":8,"20":8,"21":1,"22":1,"23":1,"24":6,"25":6,"26":6,"27":6,"28":6,"29":6,"30":6,"31":2,"32":4,"33":2,"34":2,"35":2,"36":2,"37":2,"38":2,"39":2,"40":2,"41":2},"f":{"0":16,"1":3,"2":12,"3":9,"4":8,"5":1,"6":6},"b":{"0":[1,5],"1":[1,5],"2":[2,4],"3":[6,2],"4":[2,2],"5":[4,4],"6":[1,1],"7":[1,1],"8":[1,1]},"_coverageSchema":"1a1c01bbd47fc00a2c39e90264f33305004495a9","hash":"896960624a005430fb1641a4144dc9921d9da5e8"}
}
