{"/Users/jeremybanka/learn/galactic-age-calc/src/js/Lifeform.js": {"path":"/Users/jeremybanka/learn/galactic-age-calc/src/js/Lifeform.js","statementMap":{"0":{"start":{"line":6,"column":4},"end":{"line":6,"column":18}},"1":{"start":{"line":7,"column":4},"end":{"line":7,"column":33}},"2":{"start":{"line":8,"column":4},"end":{"line":8,"column":39}},"3":{"start":{"line":12,"column":4},"end":{"line":12,"column":50}},"4":{"start":{"line":16,"column":30},"end":{"line":16,"column":63}},"5":{"start":{"line":17,"column":39},"end":{"line":17,"column":70}},"6":{"start":{"line":18,"column":4},"end":{"line":18,"column":41}},"7":{"start":{"line":19,"column":4},"end":{"line":19,"column":40}},"8":{"start":{"line":20,"column":4},"end":{"line":20,"column":30}},"9":{"start":{"line":24,"column":30},"end":{"line":24,"column":57}},"10":{"start":{"line":25,"column":4},"end":{"line":25,"column":23}},"11":{"start":{"line":26,"column":4},"end":{"line":26,"column":22}},"12":{"start":{"line":27,"column":4},"end":{"line":27,"column":30}},"13":{"start":{"line":31,"column":26},"end":{"line":31,"column":30}},"14":{"start":{"line":32,"column":27},"end":{"line":32,"column":46}},"15":{"start":{"line":33,"column":26},"end":{"line":33,"column":78}},"16":{"start":{"line":34,"column":30},"end":{"line":34,"column":57}},"17":{"start":{"line":35,"column":4},"end":{"line":35,"column":28}},"18":{"start":{"line":36,"column":4},"end":{"line":36,"column":27}},"19":{"start":{"line":37,"column":4},"end":{"line":37,"column":30}}},"fnMap":{"0":{"name":"(anonymous_0)","decl":{"start":{"line":5,"column":2},"end":{"line":5,"column":3}},"loc":{"start":{"line":5,"column":39},"end":{"line":9,"column":3}},"line":5},"1":{"name":"(anonymous_1)","decl":{"start":{"line":11,"column":2},"end":{"line":11,"column":3}},"loc":{"start":{"line":11,"column":23},"end":{"line":13,"column":3}},"line":11},"2":{"name":"(anonymous_2)","decl":{"start":{"line":15,"column":2},"end":{"line":15,"column":3}},"loc":{"start":{"line":15,"column":25},"end":{"line":21,"column":3}},"line":15},"3":{"name":"(anonymous_3)","decl":{"start":{"line":23,"column":2},"end":{"line":23,"column":3}},"loc":{"start":{"line":23,"column":25},"end":{"line":28,"column":3}},"line":23},"4":{"name":"(anonymous_4)","decl":{"start":{"line":30,"column":2},"end":{"line":30,"column":3}},"loc":{"start":{"line":30,"column":31},"end":{"line":38,"column":3}},"line":30}},"branchMap":{},"s":{"0":6,"1":6,"2":6,"3":1,"4":4,"5":4,"6":4,"7":4,"8":4,"9":3,"10":3,"11":3,"12":3,"13":2,"14":2,"15":2,"16":2,"17":2,"18":2,"19":2},"f":{"0":6,"1":1,"2":4,"3":3,"4":2},"b":{},"_coverageSchema":"1a1c01bbd47fc00a2c39e90264f33305004495a9","hash":"16df9b5bd93595511dbe75d9af3b5c29a06ab26f"}
}
