TN:
SF:src/js/Lifeform.js
FN:5,(anonymous_0)
FN:11,(anonymous_1)
FN:16,(anonymous_2)
FN:24,(anonymous_3)
FN:31,(anonymous_4)
FN:41,(anonymous_5)
FN:48,(anonymous_6)
FNF:7
FNH:7
FNDA:16,(anonymous_0)
FNDA:3,(anonymous_1)
FNDA:12,(anonymous_2)
FNDA:9,(anonymous_3)
FNDA:8,(anonymous_4)
FNDA:1,(anonymous_5)
FNDA:6,(anonymous_6)
DA:6,16
DA:7,16
DA:8,16
DA:12,3
DA:13,3
DA:17,12
DA:18,12
DA:19,12
DA:20,12
DA:21,12
DA:25,9
DA:26,9
DA:27,9
DA:28,9
DA:32,8
DA:33,8
DA:34,8
DA:35,8
DA:36,8
DA:37,8
DA:38,8
DA:42,1
DA:43,1
DA:44,1
DA:49,6
DA:50,6
DA:51,6
DA:52,6
DA:53,6
DA:54,6
DA:55,6
DA:56,2
DA:58,4
DA:59,2
DA:60,2
DA:61,2
DA:63,2
DA:64,2
DA:65,2
DA:68,2
DA:69,2
DA:70,2
LF:42
LH:42
BRDA:53,0,0,1
BRDA:53,0,1,5
BRDA:54,1,0,1
BRDA:54,1,1,5
BRDA:55,2,0,2
BRDA:55,2,1,4
BRDA:55,3,0,6
BRDA:55,3,1,2
BRDA:58,4,0,2
BRDA:58,4,1,2
BRDA:58,5,0,4
BRDA:58,5,1,4
BRDA:60,6,0,1
BRDA:60,6,1,1
BRDA:68,7,0,1
BRDA:68,7,1,1
BRDA:69,8,0,1
BRDA:69,8,1,1
BRF:18
BRH:18
end_of_record
